<?xml version="1.0" encoding="UTF-8"?>
<!-- Generated by org.testng.reporters.JUnitXMLReporter -->
<testsuite ignored="0" hostname="DESKTOP-GP2AHTV" failures="1" tests="11" name="Test" time="432.971" errors="0" timestamp="2021-11-22T13:22:32 IST">
  <testcase classname="io.cucumber.testng.AbstractTestNGCucumberTests" name="runScenario" time="45.54"/>
  <testcase classname="io.cucumber.testng.AbstractTestNGCucumberTests" name="runScenario" time="47.181"/>
  <testcase classname="io.cucumber.testng.AbstractTestNGCucumberTests" name="runScenario" time="25.421"/>
  <testcase classname="io.cucumber.testng.AbstractTestNGCucumberTests" name="runScenario" time="30.703"/>
  <testcase classname="io.cucumber.testng.AbstractTestNGCucumberTests" name="runScenario" time="44.615"/>
  <testcase classname="io.cucumber.testng.AbstractTestNGCucumberTests" name="runScenario" time="39.019"/>
  <testcase classname="io.cucumber.testng.AbstractTestNGCucumberTests" name="runScenario" time="36.323">
    <failure type="com.mindtree.exceptions.PageObjectException" message="Logged in failed">
      <![CDATA[com.mindtree.exceptions.PageObjectException: Logged in failed
at com.mindtree.pageObject.HomePageLogIn.validate(HomePageLogIn.java:72)
at com.mindtree.stepDefinations.HomePageLoginStepDef.user_will_redirect_to_my_account_page(HomePageLoginStepDef.java:55)
at ✽.user will redirect to my account page(file:///C:/Users/MITALI/eclipse-workspace/cucumberca/features/HomePageLogin.feature:8)
]]>
    </failure>
  </testcase> <!-- runScenario -->
  <testcase classname="io.cucumber.testng.AbstractTestNGCucumberTests" name="runScenario" time="31.358"/>
  <testcase classname="io.cucumber.testng.AbstractTestNGCucumberTests" name="runScenario" time="45.052"/>
  <testcase classname="io.cucumber.testng.AbstractTestNGCucumberTests" name="runScenario" time="41.413"/>
  <testcase classname="io.cucumber.testng.AbstractTestNGCucumberTests" name="runScenario" time="44.586"/>
</testsuite> <!-- Test -->
