<?xml version="1.0" encoding="UTF-8"?>
<!-- Generated by org.testng.reporters.JUnitReportReporter -->
<testsuite hostname="DESKTOP-GP2AHTV" failures="0" tests="11" name="com.mindtree.runner.BDDTestRunner" time="431.211" errors="1" timestamp="2021-11-22T13:22:32 IST" skipped="0">
  <testcase classname="com.mindtree.runner.BDDTestRunner" name="runScenario" time="45.540"/>
  <testcase classname="com.mindtree.runner.BDDTestRunner" name="runScenario" time="44.615"/>
  <testcase classname="com.mindtree.runner.BDDTestRunner" name="runScenario" time="41.413"/>
  <testcase classname="com.mindtree.runner.BDDTestRunner" name="runScenario" time="45.052"/>
  <testcase classname="com.mindtree.runner.BDDTestRunner" name="runScenario" time="44.586"/>
  <testcase classname="com.mindtree.runner.BDDTestRunner" name="runScenario" time="47.181"/>
  <testcase classname="com.mindtree.runner.BDDTestRunner" name="runScenario" time="31.358"/>
  <testcase classname="com.mindtree.runner.BDDTestRunner" name="runScenario" time="36.323">
    <error message="Logged in failed" type="com.mindtree.exceptions.PageObjectException">
      <![CDATA[com.mindtree.exceptions.PageObjectException: Logged in failed
at com.mindtree.pageObject.HomePageLogIn.validate(HomePageLogIn.java:72)
at com.mindtree.stepDefinations.HomePageLoginStepDef.user_will_redirect_to_my_account_page(HomePageLoginStepDef.java:55)
at ✽.user will redirect to my account page(file:///C:/Users/MITALI/eclipse-workspace/cucumberca/features/HomePageLogin.feature:8)
]]>
    </error>
  </testcase> <!-- runScenario -->
  <testcase classname="com.mindtree.runner.BDDTestRunner" name="runScenario" time="25.421"/>
  <testcase classname="com.mindtree.runner.BDDTestRunner" name="runScenario" time="30.703"/>
  <testcase classname="com.mindtree.runner.BDDTestRunner" name="runScenario" time="39.019"/>
</testsuite> <!-- com.mindtree.runner.BDDTestRunner -->
